<?xml version="1.0" encoding="UTF-8"?>
<!-- Generated by org.testng.reporters.JUnitXMLReporter -->
<testsuite hostname="GENIUS" name="Test" tests="3" failures="3" timestamp="30 Apr 2018 15:39:37 GMT" time="19.362" errors="0">
  <testcase name="loginLogOut" time="0.766" classname="testcases.TC001_LoginLogOut">
    <failure type="java.lang.RuntimeException" message="FAILED">
      <![CDATA[java.lang.RuntimeException: FAILED
	at utils.Reporter.reportStep(Reporter.java:33)
	at utils.Reporter.reportStep(Reporter.java:43)
	at pages.LoginPage.<init>(LoginPage.java:16)
	at testcases.TC001_LoginLogOut.loginLogOut(TC001_LoginLogOut.java:23)
... Removed 24 stack frames]]>
    </failure>
  </testcase> <!-- loginLogOut -->
  <testcase name="loginLogOut" time="0.667" classname="testcases.TC001_LoginLogOut">
    <failure type="java.lang.RuntimeException" message="FAILED">
      <![CDATA[java.lang.RuntimeException: FAILED
	at utils.Reporter.reportStep(Reporter.java:33)
	at utils.Reporter.reportStep(Reporter.java:43)
	at pages.LoginPage.<init>(LoginPage.java:16)
	at testcases.TC001_LoginLogOut.loginLogOut(TC001_LoginLogOut.java:23)
... Removed 24 stack frames]]>
    </failure>
  </testcase> <!-- loginLogOut -->
  <testcase name="loginLogOut" time="0.125" classname="testcases.TC001_Loginnegative">
    <failure type="org.testng.TestNGException" message="
The data provider is trying to pass 4 parameters but the method testcases.TC001_Loginnegative#loginLogOut takes 3">
      <![CDATA[org.testng.TestNGException: 
The data provider is trying to pass 4 parameters but the method testcases.TC001_Loginnegative#loginLogOut takes 3
... Removed 18 stack frames]]>
    </failure>
  </testcase> <!-- loginLogOut -->
</testsuite> <!-- Test -->
